TN:
SF:src/AuthContext.tsx
FNF:0
FNH:0
DA:3,0
LF:1
LH:0
BRF:0
BRH:0
end_of_record
TN:
SF:src/components/Forms/Button/index.tsx
FN:11,Button
FNF:1
FNH:1
FNDA:3,Button
DA:12,3
LF:1
LH:1
BRF:0
BRH:0
end_of_record
TN:
SF:src/components/Forms/CategorySelectButton/Index.tsx
FN:11,CategorySelectButton
FNF:1
FNH:1
FNDA:2,CategorySelectButton
DA:12,2
LF:1
LH:1
BRF:0
BRH:0
end_of_record
TN:
SF:src/components/Forms/Input/index.tsx
FN:9,(anonymous_0)
FNF:1
FNH:1
FNDA:5,(anonymous_0)
DA:9,2
DA:10,5
LF:2
LH:2
BRDA:9,0,0,4
BRF:1
BRH:1
end_of_record
TN:
SF:src/components/Forms/InputForm/index.tsx
FN:14,(anonymous_0)
FN:20,(anonymous_1)
FNF:2
FNH:2
FNDA:4,(anonymous_0)
FNDA:4,(anonymous_1)
DA:14,1
DA:15,4
DA:21,4
LF:3
LH:3
BRDA:24,0,0,4
BRDA:24,0,1,0
BRF:2
BRH:1
end_of_record
TN:
SF:src/components/Forms/TransactionTypeButton/index.tsx
FN:18,TransactionTypeButton
FNF:1
FNH:1
FNDA:4,TransactionTypeButton
DA:7,1
DA:24,4
LF:2
LH:2
BRF:0
BRH:0
end_of_record
TN:
SF:src/components/HighlightCard/index.tsx
FN:26,HighlightCard
FNF:1
FNH:0
FNDA:0,HighlightCard
DA:20,0
DA:27,0
LF:2
LH:0
BRF:0
BRH:0
end_of_record
TN:
SF:src/components/HistoryCard/index.tsx
FN:11,HystoryCard
FNF:1
FNH:0
FNDA:0,HystoryCard
DA:12,0
LF:1
LH:0
BRF:0
BRH:0
end_of_record
TN:
SF:src/components/SignInSocialButton/index.tsx
FN:12,(anonymous_0)
FNF:1
FNH:0
FNDA:0,(anonymous_0)
DA:12,0
DA:13,0
LF:2
LH:0
BRF:0
BRH:0
end_of_record
TN:
SF:src/components/TransactionCard/index.tsx
FN:31,(anonymous_0)
FN:32,(anonymous_1)
FNF:2
FNH:0
FNDA:0,(anonymous_0)
FNDA:0,(anonymous_1)
DA:31,0
DA:32,0
DA:34,0
LF:3
LH:0
BRDA:38,0,0,0
BRDA:38,0,1,0
BRF:2
BRH:0
end_of_record
TN:
SF:src/hooks/auth.tsx
FN:42,AuthProvider
FN:48,signInWithGoogle
FN:83,singInWithApple
FN:110,singOut
FN:115,(anonymous_4)
FN:116,loadUserStorageData
FN:144,useAuth
FNF:7
FNH:5
FNDA:2,AuthProvider
FNDA:1,signInWithGoogle
FNDA:0,singInWithApple
FNDA:0,singOut
FNDA:1,(anonymous_4)
FNDA:1,loadUserStorageData
FNDA:4,useAuth
DA:12,2
DA:40,2
DA:43,2
DA:44,2
DA:46,2
DA:49,1
DA:50,1
DA:51,1
DA:52,1
DA:54,0
DA:56,0
DA:60,0
DA:61,0
DA:65,0
DA:67,0
DA:74,0
DA:76,0
DA:79,1
DA:84,0
DA:85,0
DA:92,0
DA:93,0
DA:94,0
DA:95,0
DA:102,0
DA:103,0
DA:106,0
DA:111,0
DA:112,0
DA:115,2
DA:117,1
DA:119,1
DA:120,0
DA:121,0
DA:123,1
DA:126,1
DA:129,2
DA:145,4
DA:146,4
LF:39
LH:18
BRDA:60,0,0,0
BRDA:60,0,1,0
BRDA:92,1,0,0
BRDA:92,1,1,0
BRDA:119,2,0,0
BRDA:119,2,1,1
BRF:6
BRH:1
end_of_record
TN:
SF:src/routes/app.routes.tsx
FN:13,AppRoutes
FN:33,(anonymous_1)
FN:46,(anonymous_2)
FN:55,(anonymous_3)
FNF:4
FNH:0
FNDA:0,AppRoutes
FNDA:0,(anonymous_1)
FNDA:0,(anonymous_2)
FNDA:0,(anonymous_3)
DA:7,0
DA:14,0
DA:16,0
DA:34,0
DA:47,0
DA:56,0
LF:6
LH:0
BRDA:25,0,0,0
BRDA:25,0,1,0
BRF:2
BRH:0
end_of_record
TN:
SF:src/routes/auth.routes.tsx
FN:8,AuthRoutes
FNF:1
FNH:0
FNDA:0,AuthRoutes
DA:6,0
DA:9,0
LF:2
LH:0
BRF:0
BRH:0
end_of_record
TN:
SF:src/routes/index.tsx
FN:8,Routes
FNF:1
FNH:0
FNDA:0,Routes
DA:9,0
DA:11,0
LF:2
LH:0
BRDA:13,0,0,0
BRDA:13,0,1,0
BRDA:13,1,0,0
BRDA:13,1,1,0
BRF:4
BRH:0
end_of_record
TN:
SF:src/screens/CategorySelect/index.tsx
FN:27,CategorySelect
FN:32,handleCategorySelect
FN:44,(anonymous_2)
FN:45,(anonymous_3)
FN:47,(anonymous_4)
FN:54,(anonymous_5)
FNF:6
FNH:4
FNDA:1,CategorySelect
FNDA:0,handleCategorySelect
FNDA:6,(anonymous_2)
FNDA:6,(anonymous_3)
FNDA:0,(anonymous_4)
FNDA:5,(anonymous_5)
DA:33,0
DA:36,1
DA:44,6
DA:46,6
DA:47,0
DA:54,5
LF:6
LH:4
BRF:0
BRH:0
end_of_record
TN:
SF:src/screens/Dashboard/index.tsx
FN:47,Dashboard
FN:57,getLastTransactionDate
FN:62,(anonymous_2)
FN:72,(anonymous_3)
FN:84,loadTransactions
FN:93,(anonymous_5)
FN:173,(anonymous_6)
FN:178,(anonymous_7)
FN:237,(anonymous_8)
FN:238,(anonymous_9)
FNF:10
FNH:0
FNDA:0,Dashboard
FNDA:0,getLastTransactionDate
FNDA:0,(anonymous_2)
FNDA:0,(anonymous_3)
FNDA:0,loadTransactions
FNDA:0,(anonymous_5)
FNDA:0,(anonymous_6)
FNDA:0,(anonymous_7)
FNDA:0,(anonymous_8)
FNDA:0,(anonymous_9)
DA:48,0
DA:49,0
DA:50,0
DA:54,0
DA:56,0
DA:61,0
DA:62,0
DA:65,0
DA:66,0
DA:69,0
DA:73,0
DA:78,0
DA:85,0
DA:86,0
DA:87,0
DA:89,0
DA:90,0
DA:92,0
DA:94,0
DA:95,0
DA:97,0
DA:100,0
DA:105,0
DA:111,0
DA:122,0
DA:124,0
DA:129,0
DA:135,0
DA:139,0
DA:141,0
DA:170,0
DA:173,0
DA:174,0
DA:177,0
DA:179,0
DA:183,0
DA:237,0
DA:238,0
LF:38
LH:0
BRDA:65,0,0,0
BRDA:65,0,1,0
BRDA:87,1,0,0
BRDA:87,1,1,0
BRDA:94,2,0,0
BRDA:94,2,1,0
BRDA:135,3,0,0
BRDA:135,3,1,0
BRDA:148,4,0,0
BRDA:148,4,1,0
BRDA:158,5,0,0
BRDA:158,5,1,0
BRDA:185,6,0,0
BRDA:185,6,1,0
BRF:14
BRH:0
end_of_record
TN:
SF:src/screens/Profile/index.tsx
FN:4,(anonymous_0)
FN:21,(anonymous_1)
FNF:2
FNH:1
FNDA:3,(anonymous_0)
FNDA:0,(anonymous_1)
DA:4,1
DA:5,3
LF:2
LH:2
BRF:0
BRH:0
end_of_record
TN:
SF:src/screens/Register/index.tsx
FN:42,Register
FN:62,(anonymous_1)
FN:66,(anonymous_2)
FN:70,(anonymous_3)
FN:74,handleRegister
FN:115,(anonymous_5)
FN:116,loadData
FN:154,(anonymous_7)
FN:160,(anonymous_8)
FNF:9
FNH:4
FNDA:2,Register
FNDA:0,(anonymous_1)
FNDA:1,(anonymous_2)
FNDA:0,(anonymous_3)
FNDA:0,handleRegister
FNDA:1,(anonymous_5)
FNDA:1,loadData
FNDA:0,(anonymous_7)
FNDA:0,(anonymous_8)
DA:34,1
DA:43,2
DA:44,2
DA:45,2
DA:52,2
DA:55,2
DA:62,2
DA:63,0
DA:66,2
DA:67,1
DA:70,2
DA:71,0
DA:75,0
DA:76,0
DA:79,0
DA:80,0
DA:83,0
DA:92,0
DA:93,0
DA:94,0
DA:95,0
DA:97,0
DA:99,0
DA:101,0
DA:102,0
DA:103,0
DA:110,0
DA:111,0
DA:115,2
DA:117,1
DA:119,1
DA:120,1
DA:122,1
DA:125,2
DA:154,0
DA:160,0
LF:36
LH:16
BRDA:75,0,0,0
BRDA:75,0,1,0
BRDA:79,1,0,0
BRDA:79,1,1,0
BRDA:95,2,0,0
BRDA:95,2,1,0
BRF:6
BRH:0
end_of_record
TN:
SF:src/screens/Resume/index.tsx
FN:44,Resume
FN:54,handleDateChange
FN:63,loadData
FN:70,(anonymous_3)
FN:77,(anonymous_4)
FN:85,(anonymous_5)
FN:88,(anonymous_6)
FN:119,(anonymous_7)
FN:146,(anonymous_8)
FN:154,(anonymous_9)
FN:172,(anonymous_10)
FN:176,(anonymous_11)
FNF:12
FNH:0
FNDA:0,Resume
FNDA:0,handleDateChange
FNDA:0,loadData
FNDA:0,(anonymous_3)
FNDA:0,(anonymous_4)
FNDA:0,(anonymous_5)
FNDA:0,(anonymous_6)
FNDA:0,(anonymous_7)
FNDA:0,(anonymous_8)
FNDA:0,(anonymous_9)
FNDA:0,(anonymous_10)
FNDA:0,(anonymous_11)
DA:45,0
DA:46,0
DA:47,0
DA:50,0
DA:52,0
DA:55,0
DA:56,0
DA:58,0
DA:59,0
DA:64,0
DA:65,0
DA:66,0
DA:67,0
DA:69,0
DA:71,0
DA:76,0
DA:78,0
DA:83,0
DA:85,0
DA:86,0
DA:88,0
DA:89,0
DA:90,0
DA:94,0
DA:95,0
DA:100,0
DA:104,0
DA:114,0
DA:115,0
DA:118,0
DA:120,0
DA:124,0
DA:146,0
DA:154,0
DA:172,0
DA:177,0
LF:36
LH:0
BRDA:55,0,0,0
BRDA:55,0,1,0
BRDA:58,1,0,0
BRDA:58,1,1,0
BRDA:67,2,0,0
BRDA:67,2,1,0
BRDA:71,3,0,0
BRDA:71,3,1,0
BRDA:71,3,2,0
BRDA:89,4,0,0
BRDA:89,4,1,0
BRDA:94,5,0,0
BRDA:94,5,1,0
BRDA:130,6,0,0
BRDA:130,6,1,0
BRF:15
BRH:0
end_of_record
TN:
SF:src/screens/SignIn/index.tsx
FN:22,(anonymous_0)
FN:28,handleSingInWithGoogle
FN:38,handleSingInWithApple
FNF:3
FNH:0
FNDA:0,(anonymous_0)
FNDA:0,handleSingInWithGoogle
FNDA:0,handleSingInWithApple
DA:22,0
DA:23,0
DA:24,0
DA:26,0
DA:29,0
DA:30,0
DA:31,0
DA:33,0
DA:34,0
DA:39,0
DA:40,0
DA:42,0
DA:43,0
DA:47,0
LF:14
LH:0
BRDA:68,0,0,0
BRDA:68,0,1,0
BRDA:77,1,0,0
BRDA:77,1,1,0
BRF:4
BRH:0
end_of_record
